<?xml version="1.0" encoding="UTF-8"?>
<!-- Generated by org.testng.reporters.JUnitReportReporter -->
<testsuite hostname="Francis" failures="0" tests="1" name="com.sample.ClassA" time="7.231" errors="0" timestamp="2024-12-04T18:31:47 IST" skipped="0">
  <testcase classname="com.sample.ClassA" name="test" time="7.231"/>
</testsuite> <!-- com.sample.ClassA -->
