<?xml version="1.0" encoding="UTF-8"?>
<!-- Generated by org.testng.reporters.JUnitReportReporter -->
<testsuite hostname="Francis" failures="0" tests="1" name="com.sample.BasicAnnotation" time="0.004" errors="0" timestamp="2024-12-04T19:08:42 IST" skipped="0">
  <testcase classname="com.sample.BasicAnnotation" name="Test_001" time="0.004"/>
</testsuite> <!-- com.sample.BasicAnnotation -->
