<?xml version="1.0" encoding="UTF-8"?>
<!-- Generated by org.testng.reporters.JUnitReportReporter -->
<testsuite hostname="Francis" failures="0" tests="5" name="com.sample.Enabled" time="0.008" errors="0" timestamp="2024-12-04T19:44:44 IST" skipped="1">
  <testcase classname="com.sample.Enabled" name="TC_005" time="0.000"/>
  <testcase classname="com.sample.Enabled" name="TC_001" time="0.006"/>
  <testcase classname="com.sample.Enabled" name="TC_002" time="0.001"/>
  <testcase classname="com.sample.Enabled" name="TC_004" time="0.001"/>
  <testcase classname="com.sample.Enabled" name="TC_003">
    <skipped/>
  </testcase> <!-- TC_003 -->
</testsuite> <!-- com.sample.Enabled -->
