<?xml version="1.0" encoding="UTF-8"?>
<!-- Generated by org.testng.reporters.JUnitReportReporter -->
<testsuite hostname="Francis" failures="0" tests="5" name="com.sample.InvocationCount" time="0.018" errors="0" timestamp="2024-12-04T19:51:12 IST" skipped="0">
  <testcase classname="com.sample.InvocationCount" name="tc" time="0.007"/>
  <testcase classname="com.sample.InvocationCount" name="tc" time="0.005"/>
  <testcase classname="com.sample.InvocationCount" name="tc" time="0.002"/>
  <testcase classname="com.sample.InvocationCount" name="tc" time="0.002"/>
  <testcase classname="com.sample.InvocationCount" name="tc" time="0.002"/>
</testsuite> <!-- com.sample.InvocationCount -->
