<?xml version="1.0" encoding="UTF-8"?>
<!-- Generated by org.testng.reporters.JUnitReportReporter -->
<testsuite hostname="Francis" failures="0" tests="5" name="com.sample.Priority" time="0.010" errors="0" timestamp="2024-12-04T19:40:54 IST" skipped="0">
  <testcase classname="com.sample.Priority" name="TC_005" time="0.006"/>
  <testcase classname="com.sample.Priority" name="TC_004" time="0.001"/>
  <testcase classname="com.sample.Priority" name="TC_003" time="0.000"/>
  <testcase classname="com.sample.Priority" name="TC_002" time="0.002"/>
  <testcase classname="com.sample.Priority" name="TC_001" time="0.001"/>
</testsuite> <!-- com.sample.Priority -->
