<?xml version="1.0" encoding="UTF-8"?>
<!-- Generated by org.testng.reporters.JUnitReportReporter -->
<testsuite hostname="Francis" failures="0" tests="1" name="com.sample.Param" time="0.005" errors="0" timestamp="2024-12-04T20:10:21 IST" skipped="0">
  <testcase classname="com.sample.Param" name="tc" time="0.005"/>
</testsuite> <!-- com.sample.Param -->
